stdio    D         file_stdio.c:109  file_stdio_fopen                 [   0.00000] opening C:\game\project\bin\Debug\allegro5.cfg r
system   D            wsystem.c:771  _al_win_safe_load_library        [   0.00000] PathFindOnPath found: C:\Windows\system32\shcore.dll
system   D            wsystem.c:682  load_library_at_path             [   0.00000] Calling LoadLibrary C:\Windows\system32\shcore.dll
system   I            wsystem.c:685  load_library_at_path             [   0.00000] Loaded C:\Windows\system32\shcore.dll
system   I             system.c:257  al_install_system                [   0.00000] Allegro version: 5.2.2
system   D            wsystem.c:771  _al_win_safe_load_library        [   0.00032] PathFindOnPath found: C:\Windows\system32\d3d9.dll
system   D            wsystem.c:682  load_library_at_path             [   0.00033] Calling LoadLibrary C:\Windows\system32\d3d9.dll
system   I            wsystem.c:685  load_library_at_path             [   0.00181] Loaded C:\Windows\system32\d3d9.dll
d3d      I         d3d_disp.cpp:674  d3d_init_display                 [   0.01309] Render-to-texture: 1
d3d      I         d3d_disp.cpp:1769 d3d_create_display_locked        [   0.01383] faux_fullscreen=0
d3d      D         d3d_disp.cpp:1770 d3d_create_display_locked        [   0.01384] al_display=0000000000FD7FB0
d3d      D         d3d_disp.cpp:1771 d3d_create_display_locked        [   0.01384] al_display->vt=0000000000FD7E40
d3d      I d3d_display_formats.cpp:144  _al_d3d_generate_display_format_list [   0.01499] found 64 format combinations
display  D   display_settings.c:212  debug_display_settings           [   0.01500] color: 32 (rgba 8880), depth: 0, stencil: 0, acc: 0000, samples: 0/0
display  D   display_settings.c:527  _al_score_display_settings       [   0.01501] Score is : 897
display  D   display_settings.c:212  debug_display_settings           [   0.01501] color: 32 (rgba 8880), depth: 0, stencil: 0, acc: 0000, samples: 0/0
display  D   display_settings.c:527  _al_score_display_settings       [   0.01502] Score is : 897
display  D   display_settings.c:212  debug_display_settings           [   0.01502] color: 32 (rgba 8880), depth: 24, stencil: 8, acc: 0000, samples: 0/0
display  D   display_settings.c:527  _al_score_display_settings       [   0.01502] Score is : 897
display  D   display_settings.c:212  debug_display_settings           [   0.01503] color: 32 (rgba 8880), depth: 24, stencil: 8, acc: 0000, samples: 0/0
display  D   display_settings.c:527  _al_score_display_settings       [   0.01503] Score is : 897
display  D   display_settings.c:212  debug_display_settings           [   0.01503] color: 32 (rgba 8880), depth: 24, stencil: 0, acc: 0000, samples: 0/0
display  D   display_settings.c:527  _al_score_display_settings       [   0.01504] Score is : 897
display  D   display_settings.c:212  debug_display_settings           [   0.01504] color: 32 (rgba 8880), depth: 24, stencil: 0, acc: 0000, samples: 0/0
display  D   display_settings.c:527  _al_score_display_settings       [   0.01505] Score is : 897
display  D   display_settings.c:212  debug_display_settings           [   0.01505] color: 32 (rgba 8880), depth: 16, stencil: 0, acc: 0000, samples: 0/0
display  D   display_settings.c:527  _al_score_display_settings       [   0.01505] Score is : 897
display  D   display_settings.c:212  debug_display_settings           [   0.01506] color: 32 (rgba 8880), depth: 16, stencil: 0, acc: 0000, samples: 0/0
display  D   display_settings.c:527  _al_score_display_settings       [   0.01506] Score is : 897
display  D   display_settings.c:212  debug_display_settings           [   0.01507] color: 16 (rgba 5650), depth: 0, stencil: 0, acc: 0000, samples: 0/0
display  D   display_settings.c:527  _al_score_display_settings       [   0.01507] Score is : 897
display  D   display_settings.c:212  debug_display_settings           [   0.01507] color: 16 (rgba 5650), depth: 0, stencil: 0, acc: 0000, samples: 0/0
display  D   display_settings.c:527  _al_score_display_settings       [   0.01508] Score is : 897
display  D   display_settings.c:212  debug_display_settings           [   0.01511] color: 16 (rgba 5650), depth: 24, stencil: 8, acc: 0000, samples: 0/0
display  D   display_settings.c:527  _al_score_display_settings       [   0.01512] Score is : 897
display  D   display_settings.c:212  debug_display_settings           [   0.01512] color: 16 (rgba 5650), depth: 24, stencil: 8, acc: 0000, samples: 0/0
display  D   display_settings.c:527  _al_score_display_settings       [   0.01512] Score is : 897
display  D   display_settings.c:212  debug_display_settings           [   0.01513] color: 16 (rgba 5650), depth: 24, stencil: 0, acc: 0000, samples: 0/0
display  D   display_settings.c:527  _al_score_display_settings       [   0.01513] Score is : 897
display  D   display_settings.c:212  debug_display_settings           [   0.01514] color: 16 (rgba 5650), depth: 24, stencil: 0, acc: 0000, samples: 0/0
display  D   display_settings.c:527  _al_score_display_settings       [   0.01514] Score is : 897
display  D   display_settings.c:212  debug_display_settings           [   0.01514] color: 16 (rgba 5650), depth: 16, stencil: 0, acc: 0000, samples: 0/0
display  D   display_settings.c:527  _al_score_display_settings       [   0.01515] Score is : 897
display  D   display_settings.c:212  debug_display_settings           [   0.01515] color: 16 (rgba 5650), depth: 16, stencil: 0, acc: 0000, samples: 0/0
display  D   display_settings.c:527  _al_score_display_settings       [   0.01516] Score is : 897
display  D   display_settings.c:212  debug_display_settings           [   0.01516] color: 32 (rgba 8880), depth: 0, stencil: 0, acc: 0000, samples: 0/0
display  D   display_settings.c:398  _al_score_display_settings       [   0.01516] Single Buffer requirement not met.
display  D   display_settings.c:212  debug_display_settings           [   0.01517] color: 32 (rgba 8880), depth: 0, stencil: 0, acc: 0000, samples: 0/0
display  D   display_settings.c:398  _al_score_display_settings       [   0.01517] Single Buffer requirement not met.
display  D   display_settings.c:212  debug_display_settings           [   0.01517] color: 32 (rgba 8880), depth: 24, stencil: 8, acc: 0000, samples: 0/0
display  D   display_settings.c:398  _al_score_display_settings       [   0.01518] Single Buffer requirement not met.
display  D   display_settings.c:212  debug_display_settings           [   0.01518] color: 32 (rgba 8880), depth: 24, stencil: 8, acc: 0000, samples: 0/0
display  D   display_settings.c:398  _al_score_display_settings       [   0.01519] Single Buffer requirement not met.
display  D   display_settings.c:212  debug_display_settings           [   0.01519] color: 32 (rgba 8880), depth: 24, stencil: 0, acc: 0000, samples: 0/0
display  D   display_settings.c:398  _al_score_display_settings       [   0.01520] Single Buffer requirement not met.
display  D   display_settings.c:212  debug_display_settings           [   0.01520] color: 32 (rgba 8880), depth: 24, stencil: 0, acc: 0000, samples: 0/0
display  D   display_settings.c:398  _al_score_display_settings       [   0.01520] Single Buffer requirement not met.
display  D   display_settings.c:212  debug_display_settings           [   0.01521] color: 32 (rgba 8880), depth: 16, stencil: 0, acc: 0000, samples: 0/0
display  D   display_settings.c:398  _al_score_display_settings       [   0.01521] Single Buffer requirement not met.
display  D   display_settings.c:212  debug_display_settings           [   0.01521] color: 32 (rgba 8880), depth: 16, stencil: 0, acc: 0000, samples: 0/0
display  D   display_settings.c:398  _al_score_display_settings       [   0.01522] Single Buffer requirement not met.
display  D   display_settings.c:212  debug_display_settings           [   0.01522] color: 16 (rgba 5650), depth: 0, stencil: 0, acc: 0000, samples: 0/0
display  D   display_settings.c:398  _al_score_display_settings       [   0.01523] Single Buffer requirement not met.
display  D   display_settings.c:212  debug_display_settings           [   0.01523] color: 16 (rgba 5650), depth: 0, stencil: 0, acc: 0000, samples: 0/0
display  D   display_settings.c:398  _al_score_display_settings       [   0.01524] Single Buffer requirement not met.
display  D   display_settings.c:212  debug_display_settings           [   0.01524] color: 16 (rgba 5650), depth: 24, stencil: 8, acc: 0000, samples: 0/0
display  D   display_settings.c:398  _al_score_display_settings       [   0.01524] Single Buffer requirement not met.
display  D   display_settings.c:212  debug_display_settings           [   0.01525] color: 16 (rgba 5650), depth: 24, stencil: 8, acc: 0000, samples: 0/0
display  D   display_settings.c:398  _al_score_display_settings       [   0.01525] Single Buffer requirement not met.
display  D   display_settings.c:212  debug_display_settings           [   0.01526] color: 16 (rgba 5650), depth: 24, stencil: 0, acc: 0000, samples: 0/0
display  D   display_settings.c:398  _al_score_display_settings       [   0.01526] Single Buffer requirement not met.
display  D   display_settings.c:212  debug_display_settings           [   0.01526] color: 16 (rgba 5650), depth: 24, stencil: 0, acc: 0000, samples: 0/0
display  D   display_settings.c:398  _al_score_display_settings       [   0.01527] Single Buffer requirement not met.
display  D   display_settings.c:212  debug_display_settings           [   0.01527] color: 16 (rgba 5650), depth: 16, stencil: 0, acc: 0000, samples: 0/0
display  D   display_settings.c:398  _al_score_display_settings       [   0.01528] Single Buffer requirement not met.
display  D   display_settings.c:212  debug_display_settings           [   0.01528] color: 16 (rgba 5650), depth: 16, stencil: 0, acc: 0000, samples: 0/0
display  D   display_settings.c:398  _al_score_display_settings       [   0.01529] Single Buffer requirement not met.
display  D   display_settings.c:212  debug_display_settings           [   0.01529] color: 32 (rgba 8880), depth: 0, stencil: 0, acc: 0000, samples: 0/0
display  D   display_settings.c:527  _al_score_display_settings       [   0.01530] Score is : 769
display  D   display_settings.c:212  debug_display_settings           [   0.01530] color: 32 (rgba 8880), depth: 0, stencil: 0, acc: 0000, samples: 0/0
display  D   display_settings.c:527  _al_score_display_settings       [   0.01531] Score is : 769
display  D   display_settings.c:212  debug_display_settings           [   0.01531] color: 32 (rgba 8880), depth: 24, stencil: 8, acc: 0000, samples: 0/0
display  D   display_settings.c:527  _al_score_display_settings       [   0.01532] Score is : 769
display  D   display_settings.c:212  debug_display_settings           [   0.01532] color: 32 (rgba 8880), depth: 24, stencil: 8, acc: 0000, samples: 0/0
display  D   display_settings.c:527  _al_score_display_settings       [   0.01533] Score is : 769
display  D   display_settings.c:212  debug_display_settings           [   0.01533] color: 32 (rgba 8880), depth: 24, stencil: 0, acc: 0000, samples: 0/0
display  D   display_settings.c:527  _al_score_display_settings       [   0.01533] Score is : 769
display  D   display_settings.c:212  debug_display_settings           [   0.01534] color: 32 (rgba 8880), depth: 24, stencil: 0, acc: 0000, samples: 0/0
display  D   display_settings.c:527  _al_score_display_settings       [   0.01534] Score is : 769
display  D   display_settings.c:212  debug_display_settings           [   0.01535] color: 32 (rgba 8880), depth: 16, stencil: 0, acc: 0000, samples: 0/0
display  D   display_settings.c:527  _al_score_display_settings       [   0.01535] Score is : 769
display  D   display_settings.c:212  debug_display_settings           [   0.01536] color: 32 (rgba 8880), depth: 16, stencil: 0, acc: 0000, samples: 0/0
display  D   display_settings.c:527  _al_score_display_settings       [   0.01536] Score is : 769
display  D   display_settings.c:212  debug_display_settings           [   0.01537] color: 16 (rgba 5650), depth: 0, stencil: 0, acc: 0000, samples: 0/0
display  D   display_settings.c:527  _al_score_display_settings       [   0.01537] Score is : 769
display  D   display_settings.c:212  debug_display_settings           [   0.01538] color: 16 (rgba 5650), depth: 0, stencil: 0, acc: 0000, samples: 0/0
display  D   display_settings.c:527  _al_score_display_settings       [   0.01538] Score is : 769
display  D   display_settings.c:212  debug_display_settings           [   0.01539] color: 16 (rgba 5650), depth: 24, stencil: 8, acc: 0000, samples: 0/0
display  D   display_settings.c:527  _al_score_display_settings       [   0.01539] Score is : 769
display  D   display_settings.c:212  debug_display_settings           [   0.01540] color: 16 (rgba 5650), depth: 24, stencil: 8, acc: 0000, samples: 0/0
display  D   display_settings.c:527  _al_score_display_settings       [   0.01540] Score is : 769
display  D   display_settings.c:212  debug_display_settings           [   0.01541] color: 16 (rgba 5650), depth: 24, stencil: 0, acc: 0000, samples: 0/0
display  D   display_settings.c:527  _al_score_display_settings       [   0.01541] Score is : 769
display  D   display_settings.c:212  debug_display_settings           [   0.01542] color: 16 (rgba 5650), depth: 24, stencil: 0, acc: 0000, samples: 0/0
display  D   display_settings.c:527  _al_score_display_settings       [   0.01542] Score is : 769
display  D   display_settings.c:212  debug_display_settings           [   0.01543] color: 16 (rgba 5650), depth: 16, stencil: 0, acc: 0000, samples: 0/0
display  D   display_settings.c:527  _al_score_display_settings       [   0.01543] Score is : 769
display  D   display_settings.c:212  debug_display_settings           [   0.01544] color: 16 (rgba 5650), depth: 16, stencil: 0, acc: 0000, samples: 0/0
display  D   display_settings.c:527  _al_score_display_settings       [   0.01544] Score is : 769
display  D   display_settings.c:212  debug_display_settings           [   0.01545] color: 32 (rgba 8880), depth: 0, stencil: 0, acc: 0000, samples: 0/0
display  D   display_settings.c:398  _al_score_display_settings       [   0.01545] Single Buffer requirement not met.
display  D   display_settings.c:212  debug_display_settings           [   0.01546] color: 32 (rgba 8880), depth: 0, stencil: 0, acc: 0000, samples: 0/0
display  D   display_settings.c:398  _al_score_display_settings       [   0.01546] Single Buffer requirement not met.
display  D   display_settings.c:212  debug_display_settings           [   0.01547] color: 32 (rgba 8880), depth: 24, stencil: 8, acc: 0000, samples: 0/0
display  D   display_settings.c:398  _al_score_display_settings       [   0.01547] Single Buffer requirement not met.
display  D   display_settings.c:212  debug_display_settings           [   0.01548] color: 32 (rgba 8880), depth: 24, stencil: 8, acc: 0000, samples: 0/0
display  D   display_settings.c:398  _al_score_display_settings       [   0.01548] Single Buffer requirement not met.
display  D   display_settings.c:212  debug_display_settings           [   0.01549] color: 32 (rgba 8880), depth: 24, stencil: 0, acc: 0000, samples: 0/0
display  D   display_settings.c:398  _al_score_display_settings       [   0.01549] Single Buffer requirement not met.
display  D   display_settings.c:212  debug_display_settings           [   0.01550] color: 32 (rgba 8880), depth: 24, stencil: 0, acc: 0000, samples: 0/0
display  D   display_settings.c:398  _al_score_display_settings       [   0.01550] Single Buffer requirement not met.
display  D   display_settings.c:212  debug_display_settings           [   0.01551] color: 32 (rgba 8880), depth: 16, stencil: 0, acc: 0000, samples: 0/0
display  D   display_settings.c:398  _al_score_display_settings       [   0.01551] Single Buffer requirement not met.
display  D   display_settings.c:212  debug_display_settings           [   0.01552] color: 32 (rgba 8880), depth: 16, stencil: 0, acc: 0000, samples: 0/0
display  D   display_settings.c:398  _al_score_display_settings       [   0.01552] Single Buffer requirement not met.
display  D   display_settings.c:212  debug_display_settings           [   0.01553] color: 16 (rgba 5650), depth: 0, stencil: 0, acc: 0000, samples: 0/0
display  D   display_settings.c:398  _al_score_display_settings       [   0.01553] Single Buffer requirement not met.
display  D   display_settings.c:212  debug_display_settings           [   0.01555] color: 16 (rgba 5650), depth: 0, stencil: 0, acc: 0000, samples: 0/0
display  D   display_settings.c:398  _al_score_display_settings       [   0.01556] Single Buffer requirement not met.
display  D   display_settings.c:212  debug_display_settings           [   0.01556] color: 16 (rgba 5650), depth: 24, stencil: 8, acc: 0000, samples: 0/0
display  D   display_settings.c:398  _al_score_display_settings       [   0.01557] Single Buffer requirement not met.
display  D   display_settings.c:212  debug_display_settings           [   0.01557] color: 16 (rgba 5650), depth: 24, stencil: 8, acc: 0000, samples: 0/0
display  D   display_settings.c:398  _al_score_display_settings       [   0.01558] Single Buffer requirement not met.
display  D   display_settings.c:212  debug_display_settings           [   0.01558] color: 16 (rgba 5650), depth: 24, stencil: 0, acc: 0000, samples: 0/0
display  D   display_settings.c:398  _al_score_display_settings       [   0.01559] Single Buffer requirement not met.
display  D   display_settings.c:212  debug_display_settings           [   0.01559] color: 16 (rgba 5650), depth: 24, stencil: 0, acc: 0000, samples: 0/0
display  D   display_settings.c:398  _al_score_display_settings       [   0.01559] Single Buffer requirement not met.
display  D   display_settings.c:212  debug_display_settings           [   0.01560] color: 16 (rgba 5650), depth: 16, stencil: 0, acc: 0000, samples: 0/0
display  D   display_settings.c:398  _al_score_display_settings       [   0.01560] Single Buffer requirement not met.
display  D   display_settings.c:212  debug_display_settings           [   0.01561] color: 16 (rgba 5650), depth: 16, stencil: 0, acc: 0000, samples: 0/0
display  D   display_settings.c:398  _al_score_display_settings       [   0.01561] Single Buffer requirement not met.
d3d      D         d3d_disp.cpp:1669 d3d_create_display_internals     [   0.01562] Trying format 0.
d3d      I         d3d_disp.cpp:1344 d3d_display_thread_proc          [   0.01606] Chose a display format: 23
d3d      I         d3d_disp.cpp:1413 d3d_display_thread_proc          [   0.01610] Normal window.
d3d      I         d3d_disp.cpp:781  d3d_create_device                [   0.02688] Using no depth stencil buffer
d3d      D         d3d_disp.cpp:839  d3d_create_device                [   0.04424] BeginScene succeeded in create_device
d3d      D         d3d_disp.cpp:847  d3d_create_device                [   0.04427] Success
d3d      D         d3d_disp.cpp:1692 d3d_create_display_internals     [   0.04430] Resumed after wait.
d3d      I         d3d_disp.cpp:1725 d3d_create_display_internals     [   0.04433] Format 0 succeeded.
d3d      D         d3d_disp.cpp:1756 d3d_create_display_internals     [   0.04435] Returning d3d_display: 0000000000FD7FB0
d3d      D         d3d_disp.cpp:1781 d3d_create_display_locked        [   0.04436] al_display=0000000000FD7FB0
d3d      D         d3d_disp.cpp:1782 d3d_create_display_locked        [   0.04436] al_display->vt=0000000000FD7E40
system   W            wsystem.c:775  _al_win_safe_load_library        [   0.04602] PathFindOnPath failed to find d3dx9_43.dll
system   W            wsystem.c:775  _al_win_safe_load_library        [   0.04656] PathFindOnPath failed to find d3dx9_42.dll
system   W            wsystem.c:775  _al_win_safe_load_library        [   0.04703] PathFindOnPath failed to find d3dx9_41.dll
system   W            wsystem.c:775  _al_win_safe_load_library        [   0.04748] PathFindOnPath failed to find d3dx9_40.dll
system   W            wsystem.c:775  _al_win_safe_load_library        [   0.04792] PathFindOnPath failed to find d3dx9_39.dll
system   W            wsystem.c:775  _al_win_safe_load_library        [   0.04823] PathFindOnPath failed to find d3dx9_38.dll
system   W            wsystem.c:775  _al_win_safe_load_library        [   0.04850] PathFindOnPath failed to find d3dx9_37.dll
system   W            wsystem.c:775  _al_win_safe_load_library        [   0.04878] PathFindOnPath failed to find d3dx9_36.dll
system   W            wsystem.c:775  _al_win_safe_load_library        [   0.04905] PathFindOnPath failed to find d3dx9_35.dll
system   W            wsystem.c:775  _al_win_safe_load_library        [   0.04939] PathFindOnPath failed to find d3dx9_34.dll
system   W            wsystem.c:775  _al_win_safe_load_library        [   0.04966] PathFindOnPath failed to find d3dx9_33.dll
system   W            wsystem.c:775  _al_win_safe_load_library        [   0.04993] PathFindOnPath failed to find d3dx9_32.dll
system   W            wsystem.c:775  _al_win_safe_load_library        [   0.05019] PathFindOnPath failed to find d3dx9_31.dll
system   W            wsystem.c:775  _al_win_safe_load_library        [   0.05045] PathFindOnPath failed to find d3dx9_30.dll
system   W            wsystem.c:775  _al_win_safe_load_library        [   0.05071] PathFindOnPath failed to find d3dx9_29.dll
system   W            wsystem.c:775  _al_win_safe_load_library        [   0.05097] PathFindOnPath failed to find d3dx9_28.dll
system   W            wsystem.c:775  _al_win_safe_load_library        [   0.05123] PathFindOnPath failed to find d3dx9_27.dll
system   W            wsystem.c:775  _al_win_safe_load_library        [   0.05149] PathFindOnPath failed to find d3dx9_26.dll
system   W            wsystem.c:775  _al_win_safe_load_library        [   0.05176] PathFindOnPath failed to find d3dx9_25.dll
system   W            wsystem.c:775  _al_win_safe_load_library        [   0.05205] PathFindOnPath failed to find d3dx9_24.dll
d3dx9    E        d3d_d3dx9.cpp:121  _al_load_d3dx9_module            [   0.05206] Failed to load D3DX9 library. Library is not installed.d3d      I         d3d_disp.cpp:901  d3d_destroy_display              [   7.49806] destroying display 0000000000FD7FB0 (current 0000000000000000)
d3d      D         d3d_disp.cpp:885  d3d_destroy_display_internals    [   7.50161] waiting for display 0000000000FD7FB0's thread to end
d3d      W         d3d_disp.cpp:595  d3d_destroy_device               [   7.51198] d3d_destroy_device: ref count not 0
d3d      W         d3d_disp.cpp:595  d3d_destroy_device               [   7.51202] d3d_destroy_device: ref count not 0
d3d      I         d3d_disp.cpp:1549 d3d_display_thread_proc          [   7.52194] d3d display thread exits
